<?xml version="1.0" encoding="UTF-8"?>
<testsuite name="test_send_product_tests.MyTestCase-20230331174154" tests="17" file="test_send_product_tests.py" time="0.150" timestamp="2023-03-31T17:41:55" failures="0" errors="0" skipped="0">
	<testcase classname="test_send_product_tests.MyTestCase" name="test_ecv_1" time="0.016" timestamp="2023-03-31T17:41:54"/>
	<testcase classname="test_send_product_tests.MyTestCase" name="test_ecv_10" time="0.000" timestamp="2023-03-31T17:41:54"/>
	<testcase classname="test_send_product_tests.MyTestCase" name="test_ecv_11" time="0.000" timestamp="2023-03-31T17:41:54"/>
	<testcase classname="test_send_product_tests.MyTestCase" name="test_ecv_12" time="0.016" timestamp="2023-03-31T17:41:54"/>
	<testcase classname="test_send_product_tests.MyTestCase" name="test_ecv_13" time="0.016" timestamp="2023-03-31T17:41:54"/>
	<testcase classname="test_send_product_tests.MyTestCase" name="test_ecv_14" time="0.041" timestamp="2023-03-31T17:41:54"/>
	<testcase classname="test_send_product_tests.MyTestCase" name="test_ecv_15" time="0.016" timestamp="2023-03-31T17:41:54"/>
	<testcase classname="test_send_product_tests.MyTestCase" name="test_ecv_16" time="0.016" timestamp="2023-03-31T17:41:54"/>
	<testcase classname="test_send_product_tests.MyTestCase" name="test_ecv_2" time="0.000" timestamp="2023-03-31T17:41:54"/>
	<testcase classname="test_send_product_tests.MyTestCase" name="test_ecv_2_1" time="0.000" timestamp="2023-03-31T17:41:54"/>
	<testcase classname="test_send_product_tests.MyTestCase" name="test_ecv_3" time="0.016" timestamp="2023-03-31T17:41:54"/>
	<testcase classname="test_send_product_tests.MyTestCase" name="test_ecv_4" time="0.000" timestamp="2023-03-31T17:41:54"/>
	<testcase classname="test_send_product_tests.MyTestCase" name="test_ecv_5" time="0.000" timestamp="2023-03-31T17:41:54"/>
	<testcase classname="test_send_product_tests.MyTestCase" name="test_ecv_6" time="0.000" timestamp="2023-03-31T17:41:55"/>
	<testcase classname="test_send_product_tests.MyTestCase" name="test_ecv_7" time="0.016" timestamp="2023-03-31T17:41:55"/>
	<testcase classname="test_send_product_tests.MyTestCase" name="test_ecv_8" time="0.000" timestamp="2023-03-31T17:41:55"/>
	<testcase classname="test_send_product_tests.MyTestCase" name="test_ecv_9" time="0.000" timestamp="2023-03-31T17:41:55"/>
</testsuite>
